<?xml version="1.0" encoding="UTF-8"?>
<testsuite name="cn.emms.secureaccess.IForwardManagerTest" tests="1" skipped="0" failures="0" errors="0" timestamp="2016-09-29T04:29:50" hostname="MS-20160628MULE" time="0.005">
  <properties/>
  <testcase name="testSetTimeOut" classname="cn.emms.secureaccess.IForwardManagerTest" time="0.005"/>
  <system-out><![CDATA[]]></system-out>
  <system-err><![CDATA[]]></system-err>
</testsuite>
